ðŸš€ DÃ©but de l'installation et configuration...
â³ Attente du dÃ©marrage des containers (20s)...
ðŸ”§ Configuration des bases de donnÃ©es...
mysql: [Warning] Using a password on the command line interface can be insecure.
mysql: [Warning] Using a password on the command line interface can be insecure.
mysql: [Warning] Using a password on the command line interface can be insecure.
mysql: [Warning] Using a password on the command line interface can be insecure.
ðŸ“¦ Installation des dÃ©pendances Laravel...
Installing dependencies from lock file (including require-dev)
Verifying lock file contents can be installed on current platform.
Nothing to install, update or remove
Generating optimized autoload files
> Illuminate\Foundation\ComposerScripts::postAutoloadDump
> @php artisan package:discover --ansi

  [37;44m INFO [39;49m Discovering packages.  

  laravel/dusk [90m.[39m[90m.[39m[90m.[39m[90m.[39m[90m.[39m[90m.[39m[90m.[39m[90m.[39m[90m.[39m[90m.[39m[90m.[39m[90m.[39m[90m.[39m[90m.[39m[90m.[39m[90m.[39m[90m.[39m[90m.[39m[90m.[39m[90m.[39m[90m.[39m[90m.[39m[90m.[39m[90m.[39m[90m.[39m[90m.[39m[90m.[39m[90m.[39m[90m.[39m[90m.[39m[90m.[39m[90m.[39m[90m.[39m[90m.[39m[90m.[39m[90m.[39m[90m.[39m[90m.[39m[90m.[39m[90m.[39m[90m.[39m[90m.[39m[90m.[39m[90m.[39m[90m.[39m[90m.[39m[90m.[39m[90m.[39m[90m.[39m[90m.[39m[90m.[39m[90m.[39m[90m.[39m[90m.[39m[90m.[39m[90m.[39m[90m.[39m[90m.[39m [32;1mDONE[39;22m
  laravel/pail [90m.[39m[90m.[39m[90m.[39m[90m.[39m[90m.[39m[90m.[39m[90m.[39m[90m.[39m[90m.[39m[90m.[39m[90m.[39m[90m.[39m[90m.[39m[90m.[39m[90m.[39m[90m.[39m[90m.[39m[90m.[39m[90m.[39m[90m.[39m[90m.[39m[90m.[39m[90m.[39m[90m.[39m[90m.[39m[90m.[39m[90m.[39m[90m.[39m[90m.[39m[90m.[39m[90m.[39m[90m.[39m[90m.[39m[90m.[39m[90m.[39m[90m.[39m[90m.[39m[90m.[39m[90m.[39m[90m.[39m[90m.[39m[90m.[39m[90m.[39m[90m.[39m[90m.[39m[90m.[39m[90m.[39m[90m.[39m[90m.[39m[90m.[39m[90m.[39m[90m.[39m[90m.[39m[90m.[39m[90m.[39m[90m.[39m[90m.[39m[90m.[39m [32;1mDONE[39;22m
  laravel/sail [90m.[39m[90m.[39m[90m.[39m[90m.[39m[90m.[39m[90m.[39m[90m.[39m[90m.[39m[90m.[39m[90m.[39m[90m.[39m[90m.[39m[90m.[39m[90m.[39m[90m.[39m[90m.[39m[90m.[39m[90m.[39m[90m.[39m[90m.[39m[90m.[39m[90m.[39m[90m.[39m[90m.[39m[90m.[39m[90m.[39m[90m.[39m[90m.[39m[90m.[39m[90m.[39m[90m.[39m[90m.[39m[90m.[39m[90m.[39m[90m.[39m[90m.[39m[90m.[39m[90m.[39m[90m.[39m[90m.[39m[90m.[39m[90m.[39m[90m.[39m[90m.[39m[90m.[39m[90m.[39m[90m.[39m[90m.[39m[90m.[39m[90m.[39m[90m.[39m[90m.[39m[90m.[39m[90m.[39m[90m.[39m[90m.[39m[90m.[39m[90m.[39m [32;1mDONE[39;22m
  laravel/tinker [90m.[39m[90m.[39m[90m.[39m[90m.[39m[90m.[39m[90m.[39m[90m.[39m[90m.[39m[90m.[39m[90m.[39m[90m.[39m[90m.[39m[90m.[39m[90m.[39m[90m.[39m[90m.[39m[90m.[39m[90m.[39m[90m.[39m[90m.[39m[90m.[39m[90m.[39m[90m.[39m[90m.[39m[90m.[39m[90m.[39m[90m.[39m[90m.[39m[90m.[39m[90m.[39m[90m.[39m[90m.[39m[90m.[39m[90m.[39m[90m.[39m[90m.[39m[90m.[39m[90m.[39m[90m.[39m[90m.[39m[90m.[39m[90m.[39m[90m.[39m[90m.[39m[90m.[39m[90m.[39m[90m.[39m[90m.[39m[90m.[39m[90m.[39m[90m.[39m[90m.[39m[90m.[39m[90m.[39m[90m.[39m[90m.[39m [32;1mDONE[39;22m
  nesbot/carbon [90m.[39m[90m.[39m[90m.[39m[90m.[39m[90m.[39m[90m.[39m[90m.[39m[90m.[39m[90m.[39m[90m.[39m[90m.[39m[90m.[39m[90m.[39m[90m.[39m[90m.[39m[90m.[39m[90m.[39m[90m.[39m[90m.[39m[90m.[39m[90m.[39m[90m.[39m[90m.[39m[90m.[39m[90m.[39m[90m.[39m[90m.[39m[90m.[39m[90m.[39m[90m.[39m[90m.[39m[90m.[39m[90m.[39m[90m.[39m[90m.[39m[90m.[39m[90m.[39m[90m.[39m[90m.[39m[90m.[39m[90m.[39m[90m.[39m[90m.[39m[90m.[39m[90m.[39m[90m.[39m[90m.[39m[90m.[39m[90m.[39m[90m.[39m[90m.[39m[90m.[39m[90m.[39m[90m.[39m[90m.[39m[90m.[39m[90m.[39m [32;1mDONE[39;22m
  nunomaduro/collision [90m.[39m[90m.[39m[90m.[39m[90m.[39m[90m.[39m[90m.[39m[90m.[39m[90m.[39m[90m.[39m[90m.[39m[90m.[39m[90m.[39m[90m.[39m[90m.[39m[90m.[39m[90m.[39m[90m.[39m[90m.[39m[90m.[39m[90m.[39m[90m.[39m[90m.[39m[90m.[39m[90m.[39m[90m.[39m[90m.[39m[90m.[39m[90m.[39m[90m.[39m[90m.[39m[90m.[39m[90m.[39m[90m.[39m[90m.[39m[90m.[39m[90m.[39m[90m.[39m[90m.[39m[90m.[39m[90m.[39m[90m.[39m[90m.[39m[90m.[39m[90m.[39m[90m.[39m[90m.[39m[90m.[39m[90m.[39m[90m.[39m[90m.[39m [32;1mDONE[39;22m
  nunomaduro/termwind [90m.[39m[90m.[39m[90m.[39m[90m.[39m[90m.[39m[90m.[39m[90m.[39m[90m.[39m[90m.[39m[90m.[39m[90m.[39m[90m.[39m[90m.[39m[90m.[39m[90m.[39m[90m.[39m[90m.[39m[90m.[39m[90m.[39m[90m.[39m[90m.[39m[90m.[39m[90m.[39m[90m.[39m[90m.[39m[90m.[39m[90m.[39m[90m.[39m[90m.[39m[90m.[39m[90m.[39m[90m.[39m[90m.[39m[90m.[39m[90m.[39m[90m.[39m[90m.[39m[90m.[39m[90m.[39m[90m.[39m[90m.[39m[90m.[39m[90m.[39m[90m.[39m[90m.[39m[90m.[39m[90m.[39m[90m.[39m[90m.[39m[90m.[39m[90m.[39m [32;1mDONE[39;22m

80 packages you are using are looking for funding.
Use the `composer fund` command to find out more!

   INFO  Application key set successfully.  

ðŸ”„ ExÃ©cution des migrations...

   INFO  Nothing to migrate.  


   INFO  Seeding database.  


   Illuminate\Database\QueryException 

  SQLSTATE[23000]: Integrity constraint violation: 1452 Cannot add or update a child row: a foreign key constraint fails (`projet_docker`.`epreuves`, CONSTRAINT `epreuves_concours_id_foreign` FOREIGN KEY (`concours_id`) REFERENCES `concours` (`id`)) (Connection: mysql, SQL: insert into `epreuves` (`titre`, `ordre`, `statut`, `concours_id`, `updated_at`, `created_at`) values (Et quas minima., 1, Ã  venir, 1, 2025-03-31 12:54:58, 2025-03-31 12:54:58))

  at vendor/laravel/framework/src/Illuminate/Database/Connection.php:822
    818â–•                     $this->getName(), $query, $this->prepareBindings($bindings), $e
    819â–•                 );
    820â–•             }
    821â–• 
  âžœ 822â–•             throw new QueryException(
    823â–•                 $this->getName(), $query, $this->prepareBindings($bindings), $e
    824â–•             );
    825â–•         }
    826â–•     }

      [2m+15 vendor frames [22m

  16  database/seeders/DatabaseSeeder.php:31
      Illuminate\Database\Eloquent\Factories\Factory::create()
      [2m+23 vendor frames [22m

  40  artisan:16
      Illuminate\Foundation\Application::handleCommand(Object(Symfony\Component\Console\Input\ArgvInput))

ðŸ§ª ExÃ©cution des tests PHPUnit...

   WARN  Metadata found in doc-comment for method Tests\Feature\ConcoursTest::concours_sont_affiches(). Metadata in doc-comments is deprecated and will no longer be supported in PHPUnit 12. Update your test code to use attributes instead.

   WARN  Metadata found in doc-comment for method Tests\Feature\ConcoursTest::epreuves_du_concours_sont_affiches(). Metadata in doc-comments is deprecated and will no longer be supported in PHPUnit 12. Update your test code to use attributes instead.

   WARN  Metadata found in doc-comment for method Tests\Feature\ConcoursTest::couples_dune_epreuve_sont_affiches(). Metadata in doc-comments is deprecated and will no longer be supported in PHPUnit 12. Update your test code to use attributes instead.

   WARN  Metadata found in doc-comment for method Tests\Feature\dbTest::un_concours_est_stocke_dans_la_bdd(). Metadata in doc-comments is deprecated and will no longer be supported in PHPUnit 12. Update your test code to use attributes instead.

   WARN  Metadata found in doc-comment for method Tests\Feature\dbTest::un_concours_est_efface_de_la_bdd(). Metadata in doc-comments is deprecated and will no longer be supported in PHPUnit 12. Update your test code to use attributes instead.

   WARN  Metadata found in doc-comment for method Tests\Feature\dbTest::une_epreuve_est_modifie_dans_la_bdd(). Metadata in doc-comments is deprecated and will no longer be supported in PHPUnit 12. Update your test code to use attributes instead.

   PASS  Tests\Unit\ExampleTest
  âœ“ that true is true                                                    0.20s  

   PASS  Tests\Feature\ConcoursTest
  âœ“ concours sont affiches                                              96.39s  
  âœ“ epreuves du concours sont affiches                                   1.29s  
  âœ“ couples dune epreuve sont affiches                                   1.00s  

   PASS  Tests\Feature\ExampleTest
  âœ“ the application returns a successful response                        0.21s  

   PASS  Tests\Feature\dbTest
  âœ“ un concours est stocke dans la bdd                                   1.07s  
  âœ“ un concours est efface de la bdd                                     1.01s  
  âœ“ une epreuve est modifie dans la bdd                                  1.37s  

  Tests:    8 passed (14 assertions)
  Duration: 107.90s

ðŸŒ… Installation de Laravel Dusk...
./composer.json has been updated
Running composer update laravel/dusk
Loading composer repositories with package information
Updating dependencies
Nothing to modify in lock file
Writing lock file
Installing dependencies from lock file (including require-dev)
Nothing to install, update or remove
Generating optimized autoload files
> Illuminate\Foundation\ComposerScripts::postAutoloadDump
> @php artisan package:discover --ansi

  [37;44m INFO [39;49m Discovering packages.  

  laravel/dusk [90m.[39m[90m.[39m[90m.[39m[90m.[39m[90m.[39m[90m.[39m[90m.[39m[90m.[39m[90m.[39m[90m.[39m[90m.[39m[90m.[39m[90m.[39m[90m.[39m[90m.[39m[90m.[39m[90m.[39m[90m.[39m[90m.[39m[90m.[39m[90m.[39m[90m.[39m[90m.[39m[90m.[39m[90m.[39m[90m.[39m[90m.[39m[90m.[39m[90m.[39m[90m.[39m[90m.[39m[90m.[39m[90m.[39m[90m.[39m[90m.[39m[90m.[39m[90m.[39m[90m.[39m[90m.[39m[90m.[39m[90m.[39m[90m.[39m[90m.[39m[90m.[39m[90m.[39m[90m.[39m[90m.[39m[90m.[39m[90m.[39m[90m.[39m[90m.[39m[90m.[39m[90m.[39m[90m.[39m[90m.[39m[90m.[39m[90m.[39m[90m.[39m [32;1mDONE[39;22m
  laravel/pail [90m.[39m[90m.[39m[90m.[39m[90m.[39m[90m.[39m[90m.[39m[90m.[39m[90m.[39m[90m.[39m[90m.[39m[90m.[39m[90m.[39m[90m.[39m[90m.[39m[90m.[39m[90m.[39m[90m.[39m[90m.[39m[90m.[39m[90m.[39m[90m.[39m[90m.[39m[90m.[39m[90m.[39m[90m.[39m[90m.[39m[90m.[39m[90m.[39m[90m.[39m[90m.[39m[90m.[39m[90m.[39m[90m.[39m[90m.[39m[90m.[39m[90m.[39m[90m.[39m[90m.[39m[90m.[39m[90m.[39m[90m.[39m[90m.[39m[90m.[39m[90m.[39m[90m.[39m[90m.[39m[90m.[39m[90m.[39m[90m.[39m[90m.[39m[90m.[39m[90m.[39m[90m.[39m[90m.[39m[90m.[39m[90m.[39m[90m.[39m[90m.[39m [32;1mDONE[39;22m
  laravel/sail [90m.[39m[90m.[39m[90m.[39m[90m.[39m[90m.[39m[90m.[39m[90m.[39m[90m.[39m[90m.[39m[90m.[39m[90m.[39m[90m.[39m[90m.[39m[90m.[39m[90m.[39m[90m.[39m[90m.[39m[90m.[39m[90m.[39m[90m.[39m[90m.[39m[90m.[39m[90m.[39m[90m.[39m[90m.[39m[90m.[39m[90m.[39m[90m.[39m[90m.[39m[90m.[39m[90m.[39m[90m.[39m[90m.[39m[90m.[39m[90m.[39m[90m.[39m[90m.[39m[90m.[39m[90m.[39m[90m.[39m[90m.[39m[90m.[39m[90m.[39m[90m.[39m[90m.[39m[90m.[39m[90m.[39m[90m.[39m[90m.[39m[90m.[39m[90m.[39m[90m.[39m[90m.[39m[90m.[39m[90m.[39m[90m.[39m[90m.[39m[90m.[39m [32;1mDONE[39;22m
  laravel/tinker [90m.[39m[90m.[39m[90m.[39m[90m.[39m[90m.[39m[90m.[39m[90m.[39m[90m.[39m[90m.[39m[90m.[39m[90m.[39m[90m.[39m[90m.[39m[90m.[39m[90m.[39m[90m.[39m[90m.[39m[90m.[39m[90m.[39m[90m.[39m[90m.[39m[90m.[39m[90m.[39m[90m.[39m[90m.[39m[90m.[39m[90m.[39m[90m.[39m[90m.[39m[90m.[39m[90m.[39m[90m.[39m[90m.[39m[90m.[39m[90m.[39m[90m.[39m[90m.[39m[90m.[39m[90m.[39m[90m.[39m[90m.[39m[90m.[39m[90m.[39m[90m.[39m[90m.[39m[90m.[39m[90m.[39m[90m.[39m[90m.[39m[90m.[39m[90m.[39m[90m.[39m[90m.[39m[90m.[39m[90m.[39m[90m.[39m [32;1mDONE[39;22m
  nesbot/carbon [90m.[39m[90m.[39m[90m.[39m[90m.[39m[90m.[39m[90m.[39m[90m.[39m[90m.[39m[90m.[39m[90m.[39m[90m.[39m[90m.[39m[90m.[39m[90m.[39m[90m.[39m[90m.[39m[90m.[39m[90m.[39m[90m.[39m[90m.[39m[90m.[39m[90m.[39m[90m.[39m[90m.[39m[90m.[39m[90m.[39m[90m.[39m[90m.[39m[90m.[39m[90m.[39m[90m.[39m[90m.[39m[90m.[39m[90m.[39m[90m.[39m[90m.[39m[90m.[39m[90m.[39m[90m.[39m[90m.[39m[90m.[39m[90m.[39m[90m.[39m[90m.[39m[90m.[39m[90m.[39m[90m.[39m[90m.[39m[90m.[39m[90m.[39m[90m.[39m[90m.[39m[90m.[39m[90m.[39m[90m.[39m[90m.[39m[90m.[39m [32;1mDONE[39;22m
  nunomaduro/collision [90m.[39m[90m.[39m[90m.[39m[90m.[39m[90m.[39m[90m.[39m[90m.[39m[90m.[39m[90m.[39m[90m.[39m[90m.[39m[90m.[39m[90m.[39m[90m.[39m[90m.[39m[90m.[39m[90m.[39m[90m.[39m[90m.[39m[90m.[39m[90m.[39m[90m.[39m[90m.[39m[90m.[39m[90m.[39m[90m.[39m[90m.[39m[90m.[39m[90m.[39m[90m.[39m[90m.[39m[90m.[39m[90m.[39m[90m.[39m[90m.[39m[90m.[39m[90m.[39m[90m.[39m[90m.[39m[90m.[39m[90m.[39m[90m.[39m[90m.[39m[90m.[39m[90m.[39m[90m.[39m[90m.[39m[90m.[39m[90m.[39m[90m.[39m [32;1mDONE[39;22m
  nunomaduro/termwind [90m.[39m[90m.[39m[90m.[39m[90m.[39m[90m.[39m[90m.[39m[90m.[39m[90m.[39m[90m.[39m[90m.[39m[90m.[39m[90m.[39m[90m.[39m[90m.[39m[90m.[39m[90m.[39m[90m.[39m[90m.[39m[90m.[39m[90m.[39m[90m.[39m[90m.[39m[90m.[39m[90m.[39m[90m.[39m[90m.[39m[90m.[39m[90m.[39m[90m.[39m[90m.[39m[90m.[39m[90m.[39m[90m.[39m[90m.[39m[90m.[39m[90m.[39m[90m.[39m[90m.[39m[90m.[39m[90m.[39m[90m.[39m[90m.[39m[90m.[39m[90m.[39m[90m.[39m[90m.[39m[90m.[39m[90m.[39m[90m.[39m[90m.[39m[90m.[39m [32;1mDONE[39;22m

80 packages you are using are looking for funding.
Use the `composer fund` command to find out more!
> @php artisan vendor:publish --tag=laravel-assets --ansi --force

  [37;44m INFO [39;49m No publishable resources for tag [1m[laravel-assets][22m.  

No security vulnerability advisories found.
Using version ^8.3 for laravel/dusk

   INFO  Dusk scaffolding installed successfully.  

  Downloading ChromeDriver binaries.. 

   INFO  ChromeDriver binary successfully installed for version 134.0.6998.165.  

................................ 4s DONE
ðŸ” VÃ©rification de l'installation Dusk...
write /dev/stdout: Le canal de communication est sur le point dâ€™Ãªtre fermÃ©.
â³ Attente que Selenium soit prÃªt (15s)...
ðŸŒ ExÃ©cution des tests Dusk...
Warning: TTY mode requires /dev/tty to be read/writable.
PHPUnit Started (PHPUnit 11.5.15 using PHP 8.2.28 (cli) on Linux)
Test Runner Configured
Event Facade Sealed
Test Suite Loaded (2 tests)
Test Runner Started
Test Suite Sorted
Test Runner Execution Started (2 tests)
Test Suite Started (/var/www/html/phpunit.dusk.xml, 2 tests)
Test Suite Started (Browser Test Suite, 2 tests)
Test Suite Started (Tests\Browser\AuthTest, 1 test)
Before First Test Method Called (Tests\Browser\AuthTest::prepare)
Before First Test Method Finished:
- Tests\Browser\AuthTest::prepare
Test Preparation Started (Tests\Browser\AuthTest::testUtilisateur_peut_se_connecter_et_se_deconnecter)
Before Test Method Called (Tests\Browser\AuthTest::setUp)
Before Test Method Finished:
- Tests\Browser\AuthTest::setUp
Test Prepared (Tests\Browser\AuthTest::testUtilisateur_peut_se_connecter_et_se_deconnecter)
After Test Method Called (Tests\Browser\AuthTest::tearDown)
After Test Method Finished:
- Tests\Browser\AuthTest::tearDown
Test Passed (Tests\Browser\AuthTest::testUtilisateur_peut_se_connecter_et_se_deconnecter)
Test Finished (Tests\Browser\AuthTest::testUtilisateur_peut_se_connecter_et_se_deconnecter)
After Last Test Method Called (Tests\Browser\AuthTest::tearDownAfterClass)
After Last Test Method Called (Tests\Browser\AuthTest::tearDownDuskClass)
After Last Test Method Finished:
- Tests\Browser\AuthTest::tearDownAfterClass
- Tests\Browser\AuthTest::tearDownDuskClass
Test Suite Finished (Tests\Browser\AuthTest, 1 test)
Test Suite Started (Tests\Browser\ExampleTest, 1 test)
Before First Test Method Called (Tests\Browser\ExampleTest::prepare)
Before First Test Method Finished:
- Tests\Browser\ExampleTest::prepare
Test Preparation Started (Tests\Browser\ExampleTest::testBasicExample)

   PASS  Tests\Browser\AuthTest
  âœ“ utilisateur peut se connecter et se deconnecter                    494.22s  
Before Test Method Called (Tests\Browser\ExampleTest::setUp)
Before Test Method Finished:
- Tests\Browser\ExampleTest::setUp
Test Prepared (Tests\Browser\ExampleTest::testBasicExample)
Test Errored (Tests\Browser\ExampleTest::testBasicExample)
Curl error thrown for http POST to /session with params: {"capabilities":{"firstMatch":[{"browserName":"chrome","goog:chromeOptions":{"args":["--window-size=1920,1080","--disable-search-engine-choice-screen","--disable-smooth-scrolling","--disable-gpu","--headless=new","--user-data-dir=/tmp/dusk-user-data-67ea93bc6bf16","--no-sandbox","--disable-dev-shm-usage","--remote-debugging-port=9222"]}}]},"desiredCapabilities":{"browserName":"chrome","platform":"ANY","goog:chromeOptions":{"args":["--window-size=1920,1080","--disable-search-engine-choice-screen","--disable-smooth-scrolling","--disable-gpu","--headless=new","--user-data-dir=/tmp/dusk-user-data-67ea93bc6bf16","--no-sandbox","--disable-dev-shm-usage","--remote-debugging-port=9222"]}}}

Failed to connect to localhost port 9515 after 0 ms: Couldn't connect to server
After Test Method Called (Tests\Browser\ExampleTest::tearDown)
After Test Method Finished:
- Tests\Browser\ExampleTest::tearDown
Test Finished (Tests\Browser\ExampleTest::testBasicExample)
After Last Test Method Called (Tests\Browser\ExampleTest::tearDownAfterClass)
After Last Test Method Called (Tests\Browser\ExampleTest::tearDownDuskClass)
After Last Test Method Finished:
- Tests\Browser\ExampleTest::tearDownAfterClass
- Tests\Browser\ExampleTest::tearDownDuskClass
Test Suite Finished (Tests\Browser\ExampleTest, 1 test)
Test Suite Finished (Browser Test Suite, 2 tests)
Test Suite Finished (/var/www/html/phpunit.dusk.xml, 2 tests)
Test Runner Execution Finished

   FAIL  Tests\Browser\ExampleTest
  â¨¯ basic example                                                        1.80s  
  â”€â”€â”€â”€â”€â”€â”€â”€â”€â”€â”€â”€â”€â”€â”€â”€â”€â”€â”€â”€â”€â”€â”€â”€â”€â”€â”€â”€â”€â”€â”€â”€â”€â”€â”€â”€â”€â”€â”€â”€â”€â”€â”€â”€â”€â”€â”€â”€â”€â”€â”€â”€â”€â”€â”€â”€â”€â”€â”€â”€â”€â”€â”€â”€â”€â”€â”€â”€â”€â”€â”€â”€â”€â”€â”€â”€  
   FAILED  Tests\Browser\ExampleTest > basic example   WebDriverCurlException   
  Curl error thrown for http POST to /session with params: {"capabilities":{"firstMatch":[{"browserName":"chrome","goog:chromeOptions":{"args":["--window-size=1920,1080","--disable-search-engine-choice-screen","--disable-smooth-scrolling","--disable-gpu","--headless=new","--user-data-dir=/tmp/dusk-user-data-67ea93bc6bf16","--no-sandbox","--disable-dev-shm-usage","--remote-debugging-port=9222"]}}]},"desiredCapabilities":{"browserName":"chrome","platform":"ANY","goog:chromeOptions":{"args":["--window-size=1920,1080","--disable-search-engine-choice-screen","--disable-smooth-scrolling","--disable-gpu","--headless=new","--user-data-dir=/tmp/dusk-user-data-67ea93bc6bf16","--no-sandbox","--disable-dev-shm-usage","--remote-debugging-port=9222"]}}}

Failed to connect to localhost port 9515 after 0 ms: Couldn't connect to server

  at vendor/php-webdriver/webdriver/lib/Exception/Internal/WebDriverCurlException.php:20
     16â–•         }
     17â–• 
     18â–•         $message .= "\n\n" . $curlError;
     19â–• 
  âžœ  20â–•         return new self($message);
     21â–•     }
     22â–• }
     23â–•

      [2m+3 vendor frames [22m
  4   tests/DuskTestCase.php:45
      [2m+1 vendor frames [22m
  6   tests/Browser/ExampleTest.php:16


  Tests:    1 failed, 1 passed (3 assertions)
  Duration: 502.63s

Test Runner Finished
PHPUnit Finished (Shell Exit Code: 2)
âŒ Les tests Dusk ont Ã©chouÃ©
ðŸš€ DÃ©but de l'installation et configuration...
â³ Attente du dÃ©marrage des containers (20s)...
ðŸ”§ Configuration des bases de donnÃ©es...
mysql: [Warning] Using a password on the command line interface can be insecure.
mysql: [Warning] Using a password on the command line interface can be insecure.
mysql: [Warning] Using a password on the command line interface can be insecure.
mysql: [Warning] Using a password on the command line interface can be insecure.
ðŸ“¦ Installation des dÃ©pendances Laravel...
Installing dependencies from lock file (including require-dev)
Verifying lock file contents can be installed on current platform.
Nothing to install, update or remove
Generating optimized autoload files
> Illuminate\Foundation\ComposerScripts::postAutoloadDump
> @php artisan package:discover --ansi

  [37;44m INFO [39;49m Discovering packages.  

  laravel/dusk [90m.[39m[90m.[39m[90m.[39m[90m.[39m[90m.[39m[90m.[39m[90m.[39m[90m.[39m[90m.[39m[90m.[39m[90m.[39m[90m.[39m[90m.[39m[90m.[39m[90m.[39m[90m.[39m[90m.[39m[90m.[39m[90m.[39m[90m.[39m[90m.[39m[90m.[39m[90m.[39m[90m.[39m[90m.[39m[90m.[39m[90m.[39m[90m.[39m[90m.[39m[90m.[39m[90m.[39m[90m.[39m[90m.[39m[90m.[39m[90m.[39m[90m.[39m[90m.[39m[90m.[39m[90m.[39m[90m.[39m[90m.[39m[90m.[39m[90m.[39m[90m.[39m[90m.[39m[90m.[39m[90m.[39m[90m.[39m[90m.[39m[90m.[39m[90m.[39m[90m.[39m[90m.[39m[90m.[39m[90m.[39m[90m.[39m[90m.[39m[90m.[39m [32;1mDONE[39;22m
  laravel/pail [90m.[39m[90m.[39m[90m.[39m[90m.[39m[90m.[39m[90m.[39m[90m.[39m[90m.[39m[90m.[39m[90m.[39m[90m.[39m[90m.[39m[90m.[39m[90m.[39m[90m.[39m[90m.[39m[90m.[39m[90m.[39m[90m.[39m[90m.[39m[90m.[39m[90m.[39m[90m.[39m[90m.[39m[90m.[39m[90m.[39m[90m.[39m[90m.[39m[90m.[39m[90m.[39m[90m.[39m[90m.[39m[90m.[39m[90m.[39m[90m.[39m[90m.[39m[90m.[39m[90m.[39m[90m.[39m[90m.[39m[90m.[39m[90m.[39m[90m.[39m[90m.[39m[90m.[39m[90m.[39m[90m.[39m[90m.[39m[90m.[39m[90m.[39m[90m.[39m[90m.[39m[90m.[39m[90m.[39m[90m.[39m[90m.[39m[90m.[39m[90m.[39m [32;1mDONE[39;22m
  laravel/sail [90m.[39m[90m.[39m[90m.[39m[90m.[39m[90m.[39m[90m.[39m[90m.[39m[90m.[39m[90m.[39m[90m.[39m[90m.[39m[90m.[39m[90m.[39m[90m.[39m[90m.[39m[90m.[39m[90m.[39m[90m.[39m[90m.[39m[90m.[39m[90m.[39m[90m.[39m[90m.[39m[90m.[39m[90m.[39m[90m.[39m[90m.[39m[90m.[39m[90m.[39m[90m.[39m[90m.[39m[90m.[39m[90m.[39m[90m.[39m[90m.[39m[90m.[39m[90m.[39m[90m.[39m[90m.[39m[90m.[39m[90m.[39m[90m.[39m[90m.[39m[90m.[39m[90m.[39m[90m.[39m[90m.[39m[90m.[39m[90m.[39m[90m.[39m[90m.[39m[90m.[39m[90m.[39m[90m.[39m[90m.[39m[90m.[39m[90m.[39m[90m.[39m [32;1mDONE[39;22m
  laravel/tinker [90m.[39m[90m.[39m[90m.[39m[90m.[39m[90m.[39m[90m.[39m[90m.[39m[90m.[39m[90m.[39m[90m.[39m[90m.[39m[90m.[39m[90m.[39m[90m.[39m[90m.[39m[90m.[39m[90m.[39m[90m.[39m[90m.[39m[90m.[39m[90m.[39m[90m.[39m[90m.[39m[90m.[39m[90m.[39m[90m.[39m[90m.[39m[90m.[39m[90m.[39m[90m.[39m[90m.[39m[90m.[39m[90m.[39m[90m.[39m[90m.[39m[90m.[39m[90m.[39m[90m.[39m[90m.[39m[90m.[39m[90m.[39m[90m.[39m[90m.[39m[90m.[39m[90m.[39m[90m.[39m[90m.[39m[90m.[39m[90m.[39m[90m.[39m[90m.[39m[90m.[39m[90m.[39m[90m.[39m[90m.[39m[90m.[39m [32;1mDONE[39;22m
  nesbot/carbon [90m.[39m[90m.[39m[90m.[39m[90m.[39m[90m.[39m[90m.[39m[90m.[39m[90m.[39m[90m.[39m[90m.[39m[90m.[39m[90m.[39m[90m.[39m[90m.[39m[90m.[39m[90m.[39m[90m.[39m[90m.[39m[90m.[39m[90m.[39m[90m.[39m[90m.[39m[90m.[39m[90m.[39m[90m.[39m[90m.[39m[90m.[39m[90m.[39m[90m.[39m[90m.[39m[90m.[39m[90m.[39m[90m.[39m[90m.[39m[90m.[39m[90m.[39m[90m.[39m[90m.[39m[90m.[39m[90m.[39m[90m.[39m[90m.[39m[90m.[39m[90m.[39m[90m.[39m[90m.[39m[90m.[39m[90m.[39m[90m.[39m[90m.[39m[90m.[39m[90m.[39m[90m.[39m[90m.[39m[90m.[39m[90m.[39m[90m.[39m [32;1mDONE[39;22m
  nunomaduro/collision [90m.[39m[90m.[39m[90m.[39m[90m.[39m[90m.[39m[90m.[39m[90m.[39m[90m.[39m[90m.[39m[90m.[39m[90m.[39m[90m.[39m[90m.[39m[90m.[39m[90m.[39m[90m.[39m[90m.[39m[90m.[39m[90m.[39m[90m.[39m[90m.[39m[90m.[39m[90m.[39m[90m.[39m[90m.[39m[90m.[39m[90m.[39m[90m.[39m[90m.[39m[90m.[39m[90m.[39m[90m.[39m[90m.[39m[90m.[39m[90m.[39m[90m.[39m[90m.[39m[90m.[39m[90m.[39m[90m.[39m[90m.[39m[90m.[39m[90m.[39m[90m.[39m[90m.[39m[90m.[39m[90m.[39m[90m.[39m[90m.[39m[90m.[39m [32;1mDONE[39;22m
  nunomaduro/termwind [90m.[39m[90m.[39m[90m.[39m[90m.[39m[90m.[39m[90m.[39m[90m.[39m[90m.[39m[90m.[39m[90m.[39m[90m.[39m[90m.[39m[90m.[39m[90m.[39m[90m.[39m[90m.[39m[90m.[39m[90m.[39m[90m.[39m[90m.[39m[90m.[39m[90m.[39m[90m.[39m[90m.[39m[90m.[39m[90m.[39m[90m.[39m[90m.[39m[90m.[39m[90m.[39m[90m.[39m[90m.[39m[90m.[39m[90m.[39m[90m.[39m[90m.[39m[90m.[39m[90m.[39m[90m.[39m[90m.[39m[90m.[39m[90m.[39m[90m.[39m[90m.[39m[90m.[39m[90m.[39m[90m.[39m[90m.[39m[90m.[39m[90m.[39m[90m.[39m [32;1mDONE[39;22m

80 packages you are using are looking for funding.
Use the `composer fund` command to find out more!

   INFO  Application key set successfully.  

ðŸ”„ ExÃ©cution des migrations...

   INFO  Nothing to migrate.  


   INFO  Seeding database.  


   Illuminate\Database\QueryException 

  SQLSTATE[23000]: Integrity constraint violation: 1452 Cannot add or update a child row: a foreign key constraint fails (`projet_docker`.`epreuves`, CONSTRAINT `epreuves_concours_id_foreign` FOREIGN KEY (`concours_id`) REFERENCES `concours` (`id`)) (Connection: mysql, SQL: insert into `epreuves` (`titre`, `ordre`, `statut`, `concours_id`, `updated_at`, `created_at`) values (Laborum libero eaque., 2, Ã  venir, 1, 2025-03-31 14:50:26, 2025-03-31 14:50:26))

  at vendor/laravel/framework/src/Illuminate/Database/Connection.php:822
    818â–•                     $this->getName(), $query, $this->prepareBindings($bindings), $e
    819â–•                 );
    820â–•             }
    821â–• 
  âžœ 822â–•             throw new QueryException(
    823â–•                 $this->getName(), $query, $this->prepareBindings($bindings), $e
    824â–•             );
    825â–•         }
    826â–•     }

      [2m+15 vendor frames [22m

  16  database/seeders/DatabaseSeeder.php:31
      Illuminate\Database\Eloquent\Factories\Factory::create()
      [2m+23 vendor frames [22m

  40  artisan:16
      Illuminate\Foundation\Application::handleCommand(Object(Symfony\Component\Console\Input\ArgvInput))

ðŸ§ª ExÃ©cution des tests PHPUnit...

   WARN  Metadata found in doc-comment for method Tests\Feature\ConcoursTest::concours_sont_affiches(). Metadata in doc-comments is deprecated and will no longer be supported in PHPUnit 12. Update your test code to use attributes instead.

   WARN  Metadata found in doc-comment for method Tests\Feature\ConcoursTest::epreuves_du_concours_sont_affiches(). Metadata in doc-comments is deprecated and will no longer be supported in PHPUnit 12. Update your test code to use attributes instead.

   WARN  Metadata found in doc-comment for method Tests\Feature\ConcoursTest::couples_dune_epreuve_sont_affiches(). Metadata in doc-comments is deprecated and will no longer be supported in PHPUnit 12. Update your test code to use attributes instead.

   WARN  Metadata found in doc-comment for method Tests\Feature\dbTest::un_concours_est_stocke_dans_la_bdd(). Metadata in doc-comments is deprecated and will no longer be supported in PHPUnit 12. Update your test code to use attributes instead.

   WARN  Metadata found in doc-comment for method Tests\Feature\dbTest::un_concours_est_efface_de_la_bdd(). Metadata in doc-comments is deprecated and will no longer be supported in PHPUnit 12. Update your test code to use attributes instead.

   WARN  Metadata found in doc-comment for method Tests\Feature\dbTest::une_epreuve_est_modifie_dans_la_bdd(). Metadata in doc-comments is deprecated and will no longer be supported in PHPUnit 12. Update your test code to use attributes instead.

   PASS  Tests\Unit\ExampleTest
  âœ“ that true is true                                                    0.30s  

   PASS  Tests\Feature\ConcoursTest
  âœ“ concours sont affiches                                             116.52s  
  âœ“ epreuves du concours sont affiches                                   2.85s  
  âœ“ couples dune epreuve sont affiches                                   0.61s  

   PASS  Tests\Feature\ExampleTest
  âœ“ the application returns a successful response                        0.56s  

   PASS  Tests\Feature\dbTest
  âœ“ un concours est stocke dans la bdd                                   1.94s  
  âœ“ un concours est efface de la bdd                                     3.08s  
  âœ“ une epreuve est modifie dans la bdd                                  0.50s  

  Tests:    8 passed (14 assertions)
  Duration: 130.53s

ðŸŒ… Installation de Laravel Dusk...
./composer.json has been updated
Running composer update laravel/dusk
Loading composer repositories with package information
Updating dependencies
Nothing to modify in lock file
Writing lock file
Installing dependencies from lock file (including require-dev)
Nothing to install, update or remove
Generating optimized autoload files
> Illuminate\Foundation\ComposerScripts::postAutoloadDump
> @php artisan package:discover --ansi

  [37;44m INFO [39;49m Discovering packages.  

  laravel/dusk [90m.[39m[90m.[39m[90m.[39m[90m.[39m[90m.[39m[90m.[39m[90m.[39m[90m.[39m[90m.[39m[90m.[39m[90m.[39m[90m.[39m[90m.[39m[90m.[39m[90m.[39m[90m.[39m[90m.[39m[90m.[39m[90m.[39m[90m.[39m[90m.[39m[90m.[39m[90m.[39m[90m.[39m[90m.[39m[90m.[39m[90m.[39m[90m.[39m[90m.[39m[90m.[39m[90m.[39m[90m.[39m[90m.[39m[90m.[39m[90m.[39m[90m.[39m[90m.[39m[90m.[39m[90m.[39m[90m.[39m[90m.[39m[90m.[39m[90m.[39m[90m.[39m[90m.[39m[90m.[39m[90m.[39m[90m.[39m[90m.[39m[90m.[39m[90m.[39m[90m.[39m[90m.[39m[90m.[39m[90m.[39m[90m.[39m[90m.[39m[90m.[39m [32;1mDONE[39;22m
  laravel/pail [90m.[39m[90m.[39m[90m.[39m[90m.[39m[90m.[39m[90m.[39m[90m.[39m[90m.[39m[90m.[39m[90m.[39m[90m.[39m[90m.[39m[90m.[39m[90m.[39m[90m.[39m[90m.[39m[90m.[39m[90m.[39m[90m.[39m[90m.[39m[90m.[39m[90m.[39m[90m.[39m[90m.[39m[90m.[39m[90m.[39m[90m.[39m[90m.[39m[90m.[39m[90m.[39m[90m.[39m[90m.[39m[90m.[39m[90m.[39m[90m.[39m[90m.[39m[90m.[39m[90m.[39m[90m.[39m[90m.[39m[90m.[39m[90m.[39m[90m.[39m[90m.[39m[90m.[39m[90m.[39m[90m.[39m[90m.[39m[90m.[39m[90m.[39m[90m.[39m[90m.[39m[90m.[39m[90m.[39m[90m.[39m[90m.[39m[90m.[39m[90m.[39m [32;1mDONE[39;22m
  laravel/sail [90m.[39m[90m.[39m[90m.[39m[90m.[39m[90m.[39m[90m.[39m[90m.[39m[90m.[39m[90m.[39m[90m.[39m[90m.[39m[90m.[39m[90m.[39m[90m.[39m[90m.[39m[90m.[39m[90m.[39m[90m.[39m[90m.[39m[90m.[39m[90m.[39m[90m.[39m[90m.[39m[90m.[39m[90m.[39m[90m.[39m[90m.[39m[90m.[39m[90m.[39m[90m.[39m[90m.[39m[90m.[39m[90m.[39m[90m.[39m[90m.[39m[90m.[39m[90m.[39m[90m.[39m[90m.[39m[90m.[39m[90m.[39m[90m.[39m[90m.[39m[90m.[39m[90m.[39m[90m.[39m[90m.[39m[90m.[39m[90m.[39m[90m.[39m[90m.[39m[90m.[39m[90m.[39m[90m.[39m[90m.[39m[90m.[39m[90m.[39m[90m.[39m [32;1mDONE[39;22m
  laravel/tinker [90m.[39m[90m.[39m[90m.[39m[90m.[39m[90m.[39m[90m.[39m[90m.[39m[90m.[39m[90m.[39m[90m.[39m[90m.[39m[90m.[39m[90m.[39m[90m.[39m[90m.[39m[90m.[39m[90m.[39m[90m.[39m[90m.[39m[90m.[39m[90m.[39m[90m.[39m[90m.[39m[90m.[39m[90m.[39m[90m.[39m[90m.[39m[90m.[39m[90m.[39m[90m.[39m[90m.[39m[90m.[39m[90m.[39m[90m.[39m[90m.[39m[90m.[39m[90m.[39m[90m.[39m[90m.[39m[90m.[39m[90m.[39m[90m.[39m[90m.[39m[90m.[39m[90m.[39m[90m.[39m[90m.[39m[90m.[39m[90m.[39m[90m.[39m[90m.[39m[90m.[39m[90m.[39m[90m.[39m[90m.[39m[90m.[39m [32;1mDONE[39;22m
  nesbot/carbon [90m.[39m[90m.[39m[90m.[39m[90m.[39m[90m.[39m[90m.[39m[90m.[39m[90m.[39m[90m.[39m[90m.[39m[90m.[39m[90m.[39m[90m.[39m[90m.[39m[90m.[39m[90m.[39m[90m.[39m[90m.[39m[90m.[39m[90m.[39m[90m.[39m[90m.[39m[90m.[39m[90m.[39m[90m.[39m[90m.[39m[90m.[39m[90m.[39m[90m.[39m[90m.[39m[90m.[39m[90m.[39m[90m.[39m[90m.[39m[90m.[39m[90m.[39m[90m.[39m[90m.[39m[90m.[39m[90m.[39m[90m.[39m[90m.[39m[90m.[39m[90m.[39m[90m.[39m[90m.[39m[90m.[39m[90m.[39m[90m.[39m[90m.[39m[90m.[39m[90m.[39m[90m.[39m[90m.[39m[90m.[39m[90m.[39m[90m.[39m [32;1mDONE[39;22m
  nunomaduro/collision [90m.[39m[90m.[39m[90m.[39m[90m.[39m[90m.[39m[90m.[39m[90m.[39m[90m.[39m[90m.[39m[90m.[39m[90m.[39m[90m.[39m[90m.[39m[90m.[39m[90m.[39m[90m.[39m[90m.[39m[90m.[39m[90m.[39m[90m.[39m[90m.[39m[90m.[39m[90m.[39m[90m.[39m[90m.[39m[90m.[39m[90m.[39m[90m.[39m[90m.[39m[90m.[39m[90m.[39m[90m.[39m[90m.[39m[90m.[39m[90m.[39m[90m.[39m[90m.[39m[90m.[39m[90m.[39m[90m.[39m[90m.[39m[90m.[39m[90m.[39m[90m.[39m[90m.[39m[90m.[39m[90m.[39m[90m.[39m[90m.[39m[90m.[39m [32;1mDONE[39;22m
  nunomaduro/termwind [90m.[39m[90m.[39m[90m.[39m[90m.[39m[90m.[39m[90m.[39m[90m.[39m[90m.[39m[90m.[39m[90m.[39m[90m.[39m[90m.[39m[90m.[39m[90m.[39m[90m.[39m[90m.[39m[90m.[39m[90m.[39m[90m.[39m[90m.[39m[90m.[39m[90m.[39m[90m.[39m[90m.[39m[90m.[39m[90m.[39m[90m.[39m[90m.[39m[90m.[39m[90m.[39m[90m.[39m[90m.[39m[90m.[39m[90m.[39m[90m.[39m[90m.[39m[90m.[39m[90m.[39m[90m.[39m[90m.[39m[90m.[39m[90m.[39m[90m.[39m[90m.[39m[90m.[39m[90m.[39m[90m.[39m[90m.[39m[90m.[39m[90m.[39m[90m.[39m [32;1mDONE[39;22m

80 packages you are using are looking for funding.
Use the `composer fund` command to find out more!
> @php artisan vendor:publish --tag=laravel-assets --ansi --force

  [37;44m INFO [39;49m No publishable resources for tag [1m[laravel-assets][22m.  

No security vulnerability advisories found.
Using version ^8.3 for laravel/dusk

   INFO  Dusk scaffolding installed successfully.  

  Downloading ChromeDriver binaries.. 

   INFO  ChromeDriver binary successfully installed for version 134.0.6998.165.  

................................ 6s DONE
ðŸ” VÃ©rification de l'installation Dusk...
write /dev/stdout: Le canal de communication est sur le point dâ€™Ãªtre fermÃ©.
â³ Attente que Selenium soit prÃªt (15s)...
ðŸŒ ExÃ©cution des tests Dusk...
Warning: TTY mode requires /dev/tty to be read/writable.
PHPUnit Started (PHPUnit 11.5.15 using PHP 8.2.28 (cli) on Linux)
Test Runner Configured
Event Facade Sealed
Test Suite Loaded (2 tests)
Test Runner Started
Test Suite Sorted
Test Runner Execution Started (2 tests)
Test Suite Started (/var/www/html/phpunit.dusk.xml, 2 tests)
Test Suite Started (Browser Test Suite, 2 tests)
Test Suite Started (Tests\Browser\AuthTest, 1 test)
Before First Test Method Called (Tests\Browser\AuthTest::prepare)
Before First Test Method Finished:
- Tests\Browser\AuthTest::prepare
Test Preparation Started (Tests\Browser\AuthTest::testUtilisateur_peut_se_connecter_et_se_deconnecter)
Before Test Method Called (Tests\Browser\AuthTest::setUp)
Before Test Method Finished:
- Tests\Browser\AuthTest::setUp
Test Prepared (Tests\Browser\AuthTest::testUtilisateur_peut_se_connecter_et_se_deconnecter)
After Test Method Called (Tests\Browser\AuthTest::tearDown)
After Test Method Finished:
- Tests\Browser\AuthTest::tearDown
Test Passed (Tests\Browser\AuthTest::testUtilisateur_peut_se_connecter_et_se_deconnecter)
Test Finished (Tests\Browser\AuthTest::testUtilisateur_peut_se_connecter_et_se_deconnecter)
After Last Test Method Called (Tests\Browser\AuthTest::tearDownAfterClass)
After Last Test Method Called (Tests\Browser\AuthTest::tearDownDuskClass)
After Last Test Method Finished:
- Tests\Browser\AuthTest::tearDownAfterClass
- Tests\Browser\AuthTest::tearDownDuskClass
Test Suite Finished (Tests\Browser\AuthTest, 1 test)
Test Suite Started (Tests\Browser\ExampleTest, 1 test)
Before First Test Method Called (Tests\Browser\ExampleTest::prepare)
Before First Test Method Finished:
- Tests\Browser\ExampleTest::prepare
Test Preparation Started (Tests\Browser\ExampleTest::testBasicExample)

   PASS  Tests\Browser\AuthTest
  âœ“ utilisateur peut se connecter et se deconnecter                    235.31s  
Before Test Method Called (Tests\Browser\ExampleTest::setUp)
Before Test Method Finished:
- Tests\Browser\ExampleTest::setUp
Test Prepared (Tests\Browser\ExampleTest::testBasicExample)
Test Errored (Tests\Browser\ExampleTest::testBasicExample)
Curl error thrown for http POST to /session with params: {"capabilities":{"firstMatch":[{"browserName":"chrome","goog:chromeOptions":{"args":["--window-size=1920,1080","--disable-search-engine-choice-screen","--disable-smooth-scrolling","--disable-gpu","--headless=new","--user-data-dir=/tmp/dusk-user-data-67eaae1c8980d","--no-sandbox","--disable-dev-shm-usage","--remote-debugging-port=9222"]}}]},"desiredCapabilities":{"browserName":"chrome","platform":"ANY","goog:chromeOptions":{"args":["--window-size=1920,1080","--disable-search-engine-choice-screen","--disable-smooth-scrolling","--disable-gpu","--headless=new","--user-data-dir=/tmp/dusk-user-data-67eaae1c8980d","--no-sandbox","--disable-dev-shm-usage","--remote-debugging-port=9222"]}}}

Failed to connect to localhost port 9515 after 0 ms: Couldn't connect to server
After Test Method Called (Tests\Browser\ExampleTest::tearDown)
After Test Method Finished:
- Tests\Browser\ExampleTest::tearDown
Test Finished (Tests\Browser\ExampleTest::testBasicExample)
After Last Test Method Called (Tests\Browser\ExampleTest::tearDownAfterClass)
After Last Test Method Called (Tests\Browser\ExampleTest::tearDownDuskClass)
After Last Test Method Finished:
- Tests\Browser\ExampleTest::tearDownAfterClass
- Tests\Browser\ExampleTest::tearDownDuskClass
Test Suite Finished (Tests\Browser\ExampleTest, 1 test)
Test Suite Finished (Browser Test Suite, 2 tests)
Test Suite Finished (/var/www/html/phpunit.dusk.xml, 2 tests)
Test Runner Execution Finished

   FAIL  Tests\Browser\ExampleTest
  â¨¯ basic example                                                        1.93s  
  â”€â”€â”€â”€â”€â”€â”€â”€â”€â”€â”€â”€â”€â”€â”€â”€â”€â”€â”€â”€â”€â”€â”€â”€â”€â”€â”€â”€â”€â”€â”€â”€â”€â”€â”€â”€â”€â”€â”€â”€â”€â”€â”€â”€â”€â”€â”€â”€â”€â”€â”€â”€â”€â”€â”€â”€â”€â”€â”€â”€â”€â”€â”€â”€â”€â”€â”€â”€â”€â”€â”€â”€â”€â”€â”€â”€  
   FAILED  Tests\Browser\ExampleTest > basic example   WebDriverCurlException   
  Curl error thrown for http POST to /session with params: {"capabilities":{"firstMatch":[{"browserName":"chrome","goog:chromeOptions":{"args":["--window-size=1920,1080","--disable-search-engine-choice-screen","--disable-smooth-scrolling","--disable-gpu","--headless=new","--user-data-dir=/tmp/dusk-user-data-67eaae1c8980d","--no-sandbox","--disable-dev-shm-usage","--remote-debugging-port=9222"]}}]},"desiredCapabilities":{"browserName":"chrome","platform":"ANY","goog:chromeOptions":{"args":["--window-size=1920,1080","--disable-search-engine-choice-screen","--disable-smooth-scrolling","--disable-gpu","--headless=new","--user-data-dir=/tmp/dusk-user-data-67eaae1c8980d","--no-sandbox","--disable-dev-shm-usage","--remote-debugging-port=9222"]}}}

Failed to connect to localhost port 9515 after 0 ms: Couldn't connect to server

  at vendor/php-webdriver/webdriver/lib/Exception/Internal/WebDriverCurlException.php:20
     16â–•         }
     17â–• 
     18â–•         $message .= "\n\n" . $curlError;
     19â–• 
  âžœ  20â–•         return new self($message);
     21â–•     }
     22â–• }
     23â–•

      [2m+3 vendor frames [22m
  4   tests/DuskTestCase.php:45
      [2m+1 vendor frames [22m
  6   tests/Browser/ExampleTest.php:16


  Tests:    1 failed, 1 passed (3 assertions)
  Duration: 242.50s

Test Runner Finished
PHPUnit Finished (Shell Exit Code: 2)
âŒ Les tests Dusk ont Ã©chouÃ©
ðŸš€ DÃ©but de l'installation et configuration...
â³ Attente du dÃ©marrage des containers (20s)...
ðŸ”§ Configuration des bases de donnÃ©es...
mysql: [Warning] Using a password on the command line interface can be insecure.
ERROR 2002 (HY000): Can't connect to local MySQL server through socket '/var/run/mysqld/mysqld.sock' (2)
mysql: [Warning] Using a password on the command line interface can be insecure.
ERROR 2002 (HY000): Can't connect to local MySQL server through socket '/var/run/mysqld/mysqld.sock' (2)
mysql: [Warning] Using a password on the command line interface can be insecure.
ERROR 2002 (HY000): Can't connect to local MySQL server through socket '/var/run/mysqld/mysqld.sock' (2)
mysql: [Warning] Using a password on the command line interface can be insecure.
ERROR 2002 (HY000): Can't connect to local MySQL server through socket '/var/run/mysqld/mysqld.sock' (2)
ðŸ“¦ Installation des dÃ©pendances Laravel...
Installing dependencies from lock file (including require-dev)
Verifying lock file contents can be installed on current platform.
Nothing to install, update or remove
Generating optimized autoload files
> Illuminate\Foundation\ComposerScripts::postAutoloadDump
> @php artisan package:discover --ansi

  [37;44m INFO [39;49m Discovering packages.  

  laravel/dusk [90m.[39m[90m.[39m[90m.[39m[90m.[39m[90m.[39m[90m.[39m[90m.[39m[90m.[39m[90m.[39m[90m.[39m[90m.[39m[90m.[39m[90m.[39m[90m.[39m[90m.[39m[90m.[39m[90m.[39m[90m.[39m[90m.[39m[90m.[39m[90m.[39m[90m.[39m[90m.[39m[90m.[39m[90m.[39m[90m.[39m[90m.[39m[90m.[39m[90m.[39m[90m.[39m[90m.[39m[90m.[39m[90m.[39m[90m.[39m[90m.[39m[90m.[39m[90m.[39m[90m.[39m[90m.[39m[90m.[39m[90m.[39m[90m.[39m[90m.[39m[90m.[39m[90m.[39m[90m.[39m[90m.[39m[90m.[39m[90m.[39m[90m.[39m[90m.[39m[90m.[39m[90m.[39m[90m.[39m[90m.[39m[90m.[39m[90m.[39m[90m.[39m [32;1mDONE[39;22m
  laravel/pail [90m.[39m[90m.[39m[90m.[39m[90m.[39m[90m.[39m[90m.[39m[90m.[39m[90m.[39m[90m.[39m[90m.[39m[90m.[39m[90m.[39m[90m.[39m[90m.[39m[90m.[39m[90m.[39m[90m.[39m[90m.[39m[90m.[39m[90m.[39m[90m.[39m[90m.[39m[90m.[39m[90m.[39m[90m.[39m[90m.[39m[90m.[39m[90m.[39m[90m.[39m[90m.[39m[90m.[39m[90m.[39m[90m.[39m[90m.[39m[90m.[39m[90m.[39m[90m.[39m[90m.[39m[90m.[39m[90m.[39m[90m.[39m[90m.[39m[90m.[39m[90m.[39m[90m.[39m[90m.[39m[90m.[39m[90m.[39m[90m.[39m[90m.[39m[90m.[39m[90m.[39m[90m.[39m[90m.[39m[90m.[39m[90m.[39m[90m.[39m[90m.[39m [32;1mDONE[39;22m
  laravel/sail [90m.[39m[90m.[39m[90m.[39m[90m.[39m[90m.[39m[90m.[39m[90m.[39m[90m.[39m[90m.[39m[90m.[39m[90m.[39m[90m.[39m[90m.[39m[90m.[39m[90m.[39m[90m.[39m[90m.[39m[90m.[39m[90m.[39m[90m.[39m[90m.[39m[90m.[39m[90m.[39m[90m.[39m[90m.[39m[90m.[39m[90m.[39m[90m.[39m[90m.[39m[90m.[39m[90m.[39m[90m.[39m[90m.[39m[90m.[39m[90m.[39m[90m.[39m[90m.[39m[90m.[39m[90m.[39m[90m.[39m[90m.[39m[90m.[39m[90m.[39m[90m.[39m[90m.[39m[90m.[39m[90m.[39m[90m.[39m[90m.[39m[90m.[39m[90m.[39m[90m.[39m[90m.[39m[90m.[39m[90m.[39m[90m.[39m[90m.[39m[90m.[39m [32;1mDONE[39;22m
  laravel/tinker [90m.[39m[90m.[39m[90m.[39m[90m.[39m[90m.[39m[90m.[39m[90m.[39m[90m.[39m[90m.[39m[90m.[39m[90m.[39m[90m.[39m[90m.[39m[90m.[39m[90m.[39m[90m.[39m[90m.[39m[90m.[39m[90m.[39m[90m.[39m[90m.[39m[90m.[39m[90m.[39m[90m.[39m[90m.[39m[90m.[39m[90m.[39m[90m.[39m[90m.[39m[90m.[39m[90m.[39m[90m.[39m[90m.[39m[90m.[39m[90m.[39m[90m.[39m[90m.[39m[90m.[39m[90m.[39m[90m.[39m[90m.[39m[90m.[39m[90m.[39m[90m.[39m[90m.[39m[90m.[39m[90m.[39m[90m.[39m[90m.[39m[90m.[39m[90m.[39m[90m.[39m[90m.[39m[90m.[39m[90m.[39m[90m.[39m [32;1mDONE[39;22m
  nesbot/carbon [90m.[39m[90m.[39m[90m.[39m[90m.[39m[90m.[39m[90m.[39m[90m.[39m[90m.[39m[90m.[39m[90m.[39m[90m.[39m[90m.[39m[90m.[39m[90m.[39m[90m.[39m[90m.[39m[90m.[39m[90m.[39m[90m.[39m[90m.[39m[90m.[39m[90m.[39m[90m.[39m[90m.[39m[90m.[39m[90m.[39m[90m.[39m[90m.[39m[90m.[39m[90m.[39m[90m.[39m[90m.[39m[90m.[39m[90m.[39m[90m.[39m[90m.[39m[90m.[39m[90m.[39m[90m.[39m[90m.[39m[90m.[39m[90m.[39m[90m.[39m[90m.[39m[90m.[39m[90m.[39m[90m.[39m[90m.[39m[90m.[39m[90m.[39m[90m.[39m[90m.[39m[90m.[39m[90m.[39m[90m.[39m[90m.[39m[90m.[39m [32;1mDONE[39;22m
  nunomaduro/collision [90m.[39m[90m.[39m[90m.[39m[90m.[39m[90m.[39m[90m.[39m[90m.[39m[90m.[39m[90m.[39m[90m.[39m[90m.[39m[90m.[39m[90m.[39m[90m.[39m[90m.[39m[90m.[39m[90m.[39m[90m.[39m[90m.[39m[90m.[39m[90m.[39m[90m.[39m[90m.[39m[90m.[39m[90m.[39m[90m.[39m[90m.[39m[90m.[39m[90m.[39m[90m.[39m[90m.[39m[90m.[39m[90m.[39m[90m.[39m[90m.[39m[90m.[39m[90m.[39m[90m.[39m[90m.[39m[90m.[39m[90m.[39m[90m.[39m[90m.[39m[90m.[39m[90m.[39m[90m.[39m[90m.[39m[90m.[39m[90m.[39m[90m.[39m [32;1mDONE[39;22m
  nunomaduro/termwind [90m.[39m[90m.[39m[90m.[39m[90m.[39m[90m.[39m[90m.[39m[90m.[39m[90m.[39m[90m.[39m[90m.[39m[90m.[39m[90m.[39m[90m.[39m[90m.[39m[90m.[39m[90m.[39m[90m.[39m[90m.[39m[90m.[39m[90m.[39m[90m.[39m[90m.[39m[90m.[39m[90m.[39m[90m.[39m[90m.[39m[90m.[39m[90m.[39m[90m.[39m[90m.[39m[90m.[39m[90m.[39m[90m.[39m[90m.[39m[90m.[39m[90m.[39m[90m.[39m[90m.[39m[90m.[39m[90m.[39m[90m.[39m[90m.[39m[90m.[39m[90m.[39m[90m.[39m[90m.[39m[90m.[39m[90m.[39m[90m.[39m[90m.[39m[90m.[39m [32;1mDONE[39;22m

80 packages you are using are looking for funding.
Use the `composer fund` command to find out more!

   INFO  Application key set successfully.  

ðŸ”„ ExÃ©cution des migrations...

   INFO  Nothing to migrate.  


   INFO  Seeding database.  


   Illuminate\Database\QueryException 

  SQLSTATE[23000]: Integrity constraint violation: 1452 Cannot add or update a child row: a foreign key constraint fails (`projet_docker`.`epreuves`, CONSTRAINT `epreuves_concours_id_foreign` FOREIGN KEY (`concours_id`) REFERENCES `concours` (`id`)) (Connection: mysql, SQL: insert into `epreuves` (`titre`, `ordre`, `statut`, `concours_id`, `updated_at`, `created_at`) values (Id sint id., 8, Ã  venir, 1, 2025-03-31 15:15:41, 2025-03-31 15:15:41))

  at vendor/laravel/framework/src/Illuminate/Database/Connection.php:822
    818â–•                     $this->getName(), $query, $this->prepareBindings($bindings), $e
    819â–•                 );
    820â–•             }
    821â–• 
  âžœ 822â–•             throw new QueryException(
    823â–•                 $this->getName(), $query, $this->prepareBindings($bindings), $e
    824â–•             );
    825â–•         }
    826â–•     }

      [2m+15 vendor frames [22m

  16  database/seeders/DatabaseSeeder.php:31
      Illuminate\Database\Eloquent\Factories\Factory::create()
      [2m+23 vendor frames [22m

  40  artisan:16
      Illuminate\Foundation\Application::handleCommand(Object(Symfony\Component\Console\Input\ArgvInput))

ðŸ§ª ExÃ©cution des tests PHPUnit...

   WARN  Metadata found in doc-comment for method Tests\Feature\ConcoursTest::concours_sont_affiches(). Metadata in doc-comments is deprecated and will no longer be supported in PHPUnit 12. Update your test code to use attributes instead.

   WARN  Metadata found in doc-comment for method Tests\Feature\ConcoursTest::epreuves_du_concours_sont_affiches(). Metadata in doc-comments is deprecated and will no longer be supported in PHPUnit 12. Update your test code to use attributes instead.

   WARN  Metadata found in doc-comment for method Tests\Feature\ConcoursTest::couples_dune_epreuve_sont_affiches(). Metadata in doc-comments is deprecated and will no longer be supported in PHPUnit 12. Update your test code to use attributes instead.

   WARN  Metadata found in doc-comment for method Tests\Feature\dbTest::un_concours_est_stocke_dans_la_bdd(). Metadata in doc-comments is deprecated and will no longer be supported in PHPUnit 12. Update your test code to use attributes instead.

   WARN  Metadata found in doc-comment for method Tests\Feature\dbTest::un_concours_est_efface_de_la_bdd(). Metadata in doc-comments is deprecated and will no longer be supported in PHPUnit 12. Update your test code to use attributes instead.

   WARN  Metadata found in doc-comment for method Tests\Feature\dbTest::une_epreuve_est_modifie_dans_la_bdd(). Metadata in doc-comments is deprecated and will no longer be supported in PHPUnit 12. Update your test code to use attributes instead.

   PASS  Tests\Unit\ExampleTest
  âœ“ that true is true                                                    0.39s  

   PASS  Tests\Feature\ConcoursTest
  âœ“ concours sont affiches                                             128.11s  
  âœ“ epreuves du concours sont affiches                                   2.80s  
  âœ“ couples dune epreuve sont affiches                                   0.72s  

   PASS  Tests\Feature\ExampleTest
  âœ“ the application returns a successful response                        0.46s  

   PASS  Tests\Feature\dbTest
  âœ“ un concours est stocke dans la bdd                                   1.34s  
  âœ“ un concours est efface de la bdd                                     0.68s  
  âœ“ une epreuve est modifie dans la bdd                                  0.64s  

  Tests:    8 passed (14 assertions)
  Duration: 141.33s

ðŸŒ… Installation de Laravel Dusk...
./composer.json has been updated
Running composer update laravel/dusk
Loading composer repositories with package information
Updating dependencies
Nothing to modify in lock file
Writing lock file
Installing dependencies from lock file (including require-dev)
Nothing to install, update or remove
Generating optimized autoload files
> Illuminate\Foundation\ComposerScripts::postAutoloadDump
> @php artisan package:discover --ansi

  [37;44m INFO [39;49m Discovering packages.  

  laravel/dusk [90m.[39m[90m.[39m[90m.[39m[90m.[39m[90m.[39m[90m.[39m[90m.[39m[90m.[39m[90m.[39m[90m.[39m[90m.[39m[90m.[39m[90m.[39m[90m.[39m[90m.[39m[90m.[39m[90m.[39m[90m.[39m[90m.[39m[90m.[39m[90m.[39m[90m.[39m[90m.[39m[90m.[39m[90m.[39m[90m.[39m[90m.[39m[90m.[39m[90m.[39m[90m.[39m[90m.[39m[90m.[39m[90m.[39m[90m.[39m[90m.[39m[90m.[39m[90m.[39m[90m.[39m[90m.[39m[90m.[39m[90m.[39m[90m.[39m[90m.[39m[90m.[39m[90m.[39m[90m.[39m[90m.[39m[90m.[39m[90m.[39m[90m.[39m[90m.[39m[90m.[39m[90m.[39m[90m.[39m[90m.[39m[90m.[39m[90m.[39m[90m.[39m [32;1mDONE[39;22m
  laravel/pail [90m.[39m[90m.[39m[90m.[39m[90m.[39m[90m.[39m[90m.[39m[90m.[39m[90m.[39m[90m.[39m[90m.[39m[90m.[39m[90m.[39m[90m.[39m[90m.[39m[90m.[39m[90m.[39m[90m.[39m[90m.[39m[90m.[39m[90m.[39m[90m.[39m[90m.[39m[90m.[39m[90m.[39m[90m.[39m[90m.[39m[90m.[39m[90m.[39m[90m.[39m[90m.[39m[90m.[39m[90m.[39m[90m.[39m[90m.[39m[90m.[39m[90m.[39m[90m.[39m[90m.[39m[90m.[39m[90m.[39m[90m.[39m[90m.[39m[90m.[39m[90m.[39m[90m.[39m[90m.[39m[90m.[39m[90m.[39m[90m.[39m[90m.[39m[90m.[39m[90m.[39m[90m.[39m[90m.[39m[90m.[39m[90m.[39m[90m.[39m[90m.[39m [32;1mDONE[39;22m
  laravel/sail [90m.[39m[90m.[39m[90m.[39m[90m.[39m[90m.[39m[90m.[39m[90m.[39m[90m.[39m[90m.[39m[90m.[39m[90m.[39m[90m.[39m[90m.[39m[90m.[39m[90m.[39m[90m.[39m[90m.[39m[90m.[39m[90m.[39m[90m.[39m[90m.[39m[90m.[39m[90m.[39m[90m.[39m[90m.[39m[90m.[39m[90m.[39m[90m.[39m[90m.[39m[90m.[39m[90m.[39m[90m.[39m[90m.[39m[90m.[39m[90m.[39m[90m.[39m[90m.[39m[90m.[39m[90m.[39m[90m.[39m[90m.[39m[90m.[39m[90m.[39m[90m.[39m[90m.[39m[90m.[39m[90m.[39m[90m.[39m[90m.[39m[90m.[39m[90m.[39m[90m.[39m[90m.[39m[90m.[39m[90m.[39m[90m.[39m[90m.[39m[90m.[39m [32;1mDONE[39;22m
  laravel/tinker [90m.[39m[90m.[39m[90m.[39m[90m.[39m[90m.[39m[90m.[39m[90m.[39m[90m.[39m[90m.[39m[90m.[39m[90m.[39m[90m.[39m[90m.[39m[90m.[39m[90m.[39m[90m.[39m[90m.[39m[90m.[39m[90m.[39m[90m.[39m[90m.[39m[90m.[39m[90m.[39m[90m.[39m[90m.[39m[90m.[39m[90m.[39m[90m.[39m[90m.[39m[90m.[39m[90m.[39m[90m.[39m[90m.[39m[90m.[39m[90m.[39m[90m.[39m[90m.[39m[90m.[39m[90m.[39m[90m.[39m[90m.[39m[90m.[39m[90m.[39m[90m.[39m[90m.[39m[90m.[39m[90m.[39m[90m.[39m[90m.[39m[90m.[39m[90m.[39m[90m.[39m[90m.[39m[90m.[39m[90m.[39m[90m.[39m [32;1mDONE[39;22m
  nesbot/carbon [90m.[39m[90m.[39m[90m.[39m[90m.[39m[90m.[39m[90m.[39m[90m.[39m[90m.[39m[90m.[39m[90m.[39m[90m.[39m[90m.[39m[90m.[39m[90m.[39m[90m.[39m[90m.[39m[90m.[39m[90m.[39m[90m.[39m[90m.[39m[90m.[39m[90m.[39m[90m.[39m[90m.[39m[90m.[39m[90m.[39m[90m.[39m[90m.[39m[90m.[39m[90m.[39m[90m.[39m[90m.[39m[90m.[39m[90m.[39m[90m.[39m[90m.[39m[90m.[39m[90m.[39m[90m.[39m[90m.[39m[90m.[39m[90m.[39m[90m.[39m[90m.[39m[90m.[39m[90m.[39m[90m.[39m[90m.[39m[90m.[39m[90m.[39m[90m.[39m[90m.[39m[90m.[39m[90m.[39m[90m.[39m[90m.[39m[90m.[39m [32;1mDONE[39;22m
  nunomaduro/collision [90m.[39m[90m.[39m[90m.[39m[90m.[39m[90m.[39m[90m.[39m[90m.[39m[90m.[39m[90m.[39m[90m.[39m[90m.[39m[90m.[39m[90m.[39m[90m.[39m[90m.[39m[90m.[39m[90m.[39m[90m.[39m[90m.[39m[90m.[39m[90m.[39m[90m.[39m[90m.[39m[90m.[39m[90m.[39m[90m.[39m[90m.[39m[90m.[39m[90m.[39m[90m.[39m[90m.[39m[90m.[39m[90m.[39m[90m.[39m[90m.[39m[90m.[39m[90m.[39m[90m.[39m[90m.[39m[90m.[39m[90m.[39m[90m.[39m[90m.[39m[90m.[39m[90m.[39m[90m.[39m[90m.[39m[90m.[39m[90m.[39m[90m.[39m [32;1mDONE[39;22m
  nunomaduro/termwind [90m.[39m[90m.[39m[90m.[39m[90m.[39m[90m.[39m[90m.[39m[90m.[39m[90m.[39m[90m.[39m[90m.[39m[90m.[39m[90m.[39m[90m.[39m[90m.[39m[90m.[39m[90m.[39m[90m.[39m[90m.[39m[90m.[39m[90m.[39m[90m.[39m[90m.[39m[90m.[39m[90m.[39m[90m.[39m[90m.[39m[90m.[39m[90m.[39m[90m.[39m[90m.[39m[90m.[39m[90m.[39m[90m.[39m[90m.[39m[90m.[39m[90m.[39m[90m.[39m[90m.[39m[90m.[39m[90m.[39m[90m.[39m[90m.[39m[90m.[39m[90m.[39m[90m.[39m[90m.[39m[90m.[39m[90m.[39m[90m.[39m[90m.[39m[90m.[39m [32;1mDONE[39;22m

80 packages you are using are looking for funding.
Use the `composer fund` command to find out more!
> @php artisan vendor:publish --tag=laravel-assets --ansi --force

  [37;44m INFO [39;49m No publishable resources for tag [1m[laravel-assets][22m.  

No security vulnerability advisories found.
Using version ^8.3 for laravel/dusk

   INFO  Dusk scaffolding installed successfully.  

  Downloading ChromeDriver binaries.. 

   INFO  ChromeDriver binary successfully installed for version 134.0.6998.165.  

................................ 5s DONE
ðŸ” VÃ©rification de l'installation Dusk...
write /dev/stdout: Le canal de communication est sur le point dâ€™Ãªtre fermÃ©.
â³ Attente que Selenium soit prÃªt (15s)...
ðŸŒ ExÃ©cution des tests Dusk...
Warning: TTY mode requires /dev/tty to be read/writable.
PHPUnit Started (PHPUnit 11.5.15 using PHP 8.2.28 (cli) on Linux)
Test Runner Configured
Event Facade Sealed
Test Suite Loaded (1 test)
Test Runner Started
Test Suite Sorted
Test Runner Execution Started (1 test)
Test Suite Started (/var/www/html/phpunit.dusk.xml, 1 test)
Test Suite Started (Browser Test Suite, 1 test)
Test Suite Started (Tests\Browser\AuthTest, 1 test)
Before First Test Method Called (Tests\Browser\AuthTest::prepare)
Before First Test Method Finished:
- Tests\Browser\AuthTest::prepare
Test Preparation Started (Tests\Browser\AuthTest::testUtilisateur_peut_se_connecter_et_se_deconnecter)
Before Test Method Called (Tests\Browser\AuthTest::setUp)
Before Test Method Finished:
- Tests\Browser\AuthTest::setUp
Test Prepared (Tests\Browser\AuthTest::testUtilisateur_peut_se_connecter_et_se_deconnecter)
After Test Method Called (Tests\Browser\AuthTest::tearDown)
After Test Method Finished:
- Tests\Browser\AuthTest::tearDown
Test Passed (Tests\Browser\AuthTest::testUtilisateur_peut_se_connecter_et_se_deconnecter)
Test Finished (Tests\Browser\AuthTest::testUtilisateur_peut_se_connecter_et_se_deconnecter)
After Last Test Method Called (Tests\Browser\AuthTest::tearDownAfterClass)
After Last Test Method Called (Tests\Browser\AuthTest::tearDownDuskClass)
After Last Test Method Finished:
- Tests\Browser\AuthTest::tearDownAfterClass
- Tests\Browser\AuthTest::tearDownDuskClass
Test Suite Finished (Tests\Browser\AuthTest, 1 test)
Test Suite Finished (Browser Test Suite, 1 test)
Test Suite Finished (/var/www/html/phpunit.dusk.xml, 1 test)
Test Runner Execution Finished

   PASS  Tests\Browser\AuthTest
  âœ“ utilisateur peut se connecter et se deconnecter                    319.00s  

  Tests:    1 passed (3 assertions)
  Duration: 325.30s

Test Runner Finished
PHPUnit Finished (Shell Exit Code: 0)
âœ… Toutes les commandes ont Ã©tÃ© exÃ©cutÃ©es avec succÃ¨s !
ðŸ–¥ï¸  Application disponible sur http://localhost:8008
ðŸ“Š phpMyAdmin disponible sur http://localhost:8080
ðŸš€ DÃ©but de l'installation et configuration...
â³ Attente du dÃ©marrage des containers (20s)...
ðŸ”§ Configuration des bases de donnÃ©es...
mysql: [Warning] Using a password on the command line interface can be insecure.
mysql: [Warning] Using a password on the command line interface can be insecure.
mysql: [Warning] Using a password on the command line interface can be insecure.
mysql: [Warning] Using a password on the command line interface can be insecure.
ðŸ“¦ Installation des dÃ©pendances Laravel...
Error response from daemon: container 0bcf5f506e2d0d1308d83930e1e1c2b0ac73c51a8b09da809ccf40210d67e73b is not running
Error response from daemon: container 0bcf5f506e2d0d1308d83930e1e1c2b0ac73c51a8b09da809ccf40210d67e73b is not running
ðŸ”„ ExÃ©cution des migrations...
Error response from daemon: container 0bcf5f506e2d0d1308d83930e1e1c2b0ac73c51a8b09da809ccf40210d67e73b is not running
Error response from daemon: container 0bcf5f506e2d0d1308d83930e1e1c2b0ac73c51a8b09da809ccf40210d67e73b is not running
ðŸ§ª ExÃ©cution des tests PHPUnit...
Error response from daemon: container 0bcf5f506e2d0d1308d83930e1e1c2b0ac73c51a8b09da809ccf40210d67e73b is not running
ðŸŒ… Installation de Laravel Dusk...
Error response from daemon: container 0bcf5f506e2d0d1308d83930e1e1c2b0ac73c51a8b09da809ccf40210d67e73b is not running
âŒ Ã‰chec de l'installation de Laravel Dusk
ðŸš€ DÃ©but de l'installation et configuration...
â³ Attente du dÃ©marrage des containers (20s)...
ðŸ”§ Configuration des bases de donnÃ©es...
mysql: [Warning] Using a password on the command line interface can be insecure.
mysql: [Warning] Using a password on the command line interface can be insecure.
mysql: [Warning] Using a password on the command line interface can be insecure.
mysql: [Warning] Using a password on the command line interface can be insecure.
ðŸ“¦ Installation des dÃ©pendances Laravel...
Installing dependencies from lock file (including require-dev)
Verifying lock file contents can be installed on current platform.
Package operations: 2 installs, 1 update, 0 removals
  - Downloading php-webdriver/webdriver (1.15.2)
  - Downloading laravel/dusk (v8.3.2)
 0/2 [>---------------------------]   0%
 1/2 [==============>-------------]  50%
 2/2 [============================] 100%
  - Installing php-webdriver/webdriver (1.15.2): Extracting archive
  - Upgrading nette/utils (v4.0.5 => v4.0.6): Extracting archive
  - Installing laravel/dusk (v8.3.2): Extracting archive
 0/3 [>---------------------------]   0%
 1/3 [=========>------------------]  33%
 2/3 [==================>---------]  66%
 3/3 [============================] 100%
Generating optimized autoload files
> Illuminate\Foundation\ComposerScripts::postAutoloadDump
> @php artisan package:discover --ansi

  [37;44m INFO [39;49m Discovering packages.  

  laravel/dusk [90m.[39m[90m.[39m[90m.[39m[90m.[39m[90m.[39m[90m.[39m[90m.[39m[90m.[39m[90m.[39m[90m.[39m[90m.[39m[90m.[39m[90m.[39m[90m.[39m[90m.[39m[90m.[39m[90m.[39m[90m.[39m[90m.[39m[90m.[39m[90m.[39m[90m.[39m[90m.[39m[90m.[39m[90m.[39m[90m.[39m[90m.[39m[90m.[39m[90m.[39m[90m.[39m[90m.[39m[90m.[39m[90m.[39m[90m.[39m[90m.[39m[90m.[39m[90m.[39m[90m.[39m[90m.[39m[90m.[39m[90m.[39m[90m.[39m[90m.[39m[90m.[39m[90m.[39m[90m.[39m[90m.[39m[90m.[39m[90m.[39m[90m.[39m[90m.[39m[90m.[39m[90m.[39m[90m.[39m[90m.[39m[90m.[39m[90m.[39m[90m.[39m [32;1mDONE[39;22m
  laravel/pail [90m.[39m[90m.[39m[90m.[39m[90m.[39m[90m.[39m[90m.[39m[90m.[39m[90m.[39m[90m.[39m[90m.[39m[90m.[39m[90m.[39m[90m.[39m[90m.[39m[90m.[39m[90m.[39m[90m.[39m[90m.[39m[90m.[39m[90m.[39m[90m.[39m[90m.[39m[90m.[39m[90m.[39m[90m.[39m[90m.[39m[90m.[39m[90m.[39m[90m.[39m[90m.[39m[90m.[39m[90m.[39m[90m.[39m[90m.[39m[90m.[39m[90m.[39m[90m.[39m[90m.[39m[90m.[39m[90m.[39m[90m.[39m[90m.[39m[90m.[39m[90m.[39m[90m.[39m[90m.[39m[90m.[39m[90m.[39m[90m.[39m[90m.[39m[90m.[39m[90m.[39m[90m.[39m[90m.[39m[90m.[39m[90m.[39m[90m.[39m[90m.[39m [32;1mDONE[39;22m
  laravel/sail [90m.[39m[90m.[39m[90m.[39m[90m.[39m[90m.[39m[90m.[39m[90m.[39m[90m.[39m[90m.[39m[90m.[39m[90m.[39m[90m.[39m[90m.[39m[90m.[39m[90m.[39m[90m.[39m[90m.[39m[90m.[39m[90m.[39m[90m.[39m[90m.[39m[90m.[39m[90m.[39m[90m.[39m[90m.[39m[90m.[39m[90m.[39m[90m.[39m[90m.[39m[90m.[39m[90m.[39m[90m.[39m[90m.[39m[90m.[39m[90m.[39m[90m.[39m[90m.[39m[90m.[39m[90m.[39m[90m.[39m[90m.[39m[90m.[39m[90m.[39m[90m.[39m[90m.[39m[90m.[39m[90m.[39m[90m.[39m[90m.[39m[90m.[39m[90m.[39m[90m.[39m[90m.[39m[90m.[39m[90m.[39m[90m.[39m[90m.[39m[90m.[39m [32;1mDONE[39;22m
  laravel/tinker [90m.[39m[90m.[39m[90m.[39m[90m.[39m[90m.[39m[90m.[39m[90m.[39m[90m.[39m[90m.[39m[90m.[39m[90m.[39m[90m.[39m[90m.[39m[90m.[39m[90m.[39m[90m.[39m[90m.[39m[90m.[39m[90m.[39m[90m.[39m[90m.[39m[90m.[39m[90m.[39m[90m.[39m[90m.[39m[90m.[39m[90m.[39m[90m.[39m[90m.[39m[90m.[39m[90m.[39m[90m.[39m[90m.[39m[90m.[39m[90m.[39m[90m.[39m[90m.[39m[90m.[39m[90m.[39m[90m.[39m[90m.[39m[90m.[39m[90m.[39m[90m.[39m[90m.[39m[90m.[39m[90m.[39m[90m.[39m[90m.[39m[90m.[39m[90m.[39m[90m.[39m[90m.[39m[90m.[39m[90m.[39m[90m.[39m [32;1mDONE[39;22m
  nesbot/carbon [90m.[39m[90m.[39m[90m.[39m[90m.[39m[90m.[39m[90m.[39m[90m.[39m[90m.[39m[90m.[39m[90m.[39m[90m.[39m[90m.[39m[90m.[39m[90m.[39m[90m.[39m[90m.[39m[90m.[39m[90m.[39m[90m.[39m[90m.[39m[90m.[39m[90m.[39m[90m.[39m[90m.[39m[90m.[39m[90m.[39m[90m.[39m[90m.[39m[90m.[39m[90m.[39m[90m.[39m[90m.[39m[90m.[39m[90m.[39m[90m.[39m[90m.[39m[90m.[39m[90m.[39m[90m.[39m[90m.[39m[90m.[39m[90m.[39m[90m.[39m[90m.[39m[90m.[39m[90m.[39m[90m.[39m[90m.[39m[90m.[39m[90m.[39m[90m.[39m[90m.[39m[90m.[39m[90m.[39m[90m.[39m[90m.[39m[90m.[39m [32;1mDONE[39;22m
  nunomaduro/collision [90m.[39m[90m.[39m[90m.[39m[90m.[39m[90m.[39m[90m.[39m[90m.[39m[90m.[39m[90m.[39m[90m.[39m[90m.[39m[90m.[39m[90m.[39m[90m.[39m[90m.[39m[90m.[39m[90m.[39m[90m.[39m[90m.[39m[90m.[39m[90m.[39m[90m.[39m[90m.[39m[90m.[39m[90m.[39m[90m.[39m[90m.[39m[90m.[39m[90m.[39m[90m.[39m[90m.[39m[90m.[39m[90m.[39m[90m.[39m[90m.[39m[90m.[39m[90m.[39m[90m.[39m[90m.[39m[90m.[39m[90m.[39m[90m.[39m[90m.[39m[90m.[39m[90m.[39m[90m.[39m[90m.[39m[90m.[39m[90m.[39m[90m.[39m [32;1mDONE[39;22m
  nunomaduro/termwind [90m.[39m[90m.[39m[90m.[39m[90m.[39m[90m.[39m[90m.[39m[90m.[39m[90m.[39m[90m.[39m[90m.[39m[90m.[39m[90m.[39m[90m.[39m[90m.[39m[90m.[39m[90m.[39m[90m.[39m[90m.[39m[90m.[39m[90m.[39m[90m.[39m[90m.[39m[90m.[39m[90m.[39m[90m.[39m[90m.[39m[90m.[39m[90m.[39m[90m.[39m[90m.[39m[90m.[39m[90m.[39m[90m.[39m[90m.[39m[90m.[39m[90m.[39m[90m.[39m[90m.[39m[90m.[39m[90m.[39m[90m.[39m[90m.[39m[90m.[39m[90m.[39m[90m.[39m[90m.[39m[90m.[39m[90m.[39m[90m.[39m[90m.[39m[90m.[39m [32;1mDONE[39;22m

80 packages you are using are looking for funding.
Use the `composer fund` command to find out more!

   INFO  Application key set successfully.  

ðŸ”„ ExÃ©cution des migrations...

   INFO  Preparing database.  

  Creating migration table ..................................... 164.26ms DONE

   INFO  Running migrations.  

  0001_01_01_000000_create_users_table ......................... 226.99ms DONE
  0001_01_01_000001_create_cache_table .......................... 61.19ms DONE
  0001_01_01_000002_create_jobs_table .......................... 169.85ms DONE
  2025_03_18_112247_create_concours_table ....................... 52.12ms DONE
  2025_03_19_131217_create_epreuves_table ...................... 125.47ms DONE
  2025_03_19_143634_create_couples_table ....................... 111.74ms DONE
  2025_03_24_093320_create_historique_modifs_table .............. 98.92ms DONE


   INFO  Seeding database.  

PHPUnit 11.5.15 by Sebastian Bergmann and contributors.

Unknown option "--force"
ðŸ§ª ExÃ©cution des tests PHPUnit...

   WARN  Metadata found in doc-comment for method Tests\Feature\ConcoursTest::concours_sont_affiches(). Metadata in doc-comments is deprecated and will no longer be supported in PHPUnit 12. Update your test code to use attributes instead.

   WARN  Metadata found in doc-comment for method Tests\Feature\ConcoursTest::epreuves_du_concours_sont_affiches(). Metadata in doc-comments is deprecated and will no longer be supported in PHPUnit 12. Update your test code to use attributes instead.

   WARN  Metadata found in doc-comment for method Tests\Feature\ConcoursTest::couples_dune_epreuve_sont_affiches(). Metadata in doc-comments is deprecated and will no longer be supported in PHPUnit 12. Update your test code to use attributes instead.

   WARN  Metadata found in doc-comment for method Tests\Feature\dbTest::un_concours_est_stocke_dans_la_bdd(). Metadata in doc-comments is deprecated and will no longer be supported in PHPUnit 12. Update your test code to use attributes instead.

   WARN  Metadata found in doc-comment for method Tests\Feature\dbTest::un_concours_est_efface_de_la_bdd(). Metadata in doc-comments is deprecated and will no longer be supported in PHPUnit 12. Update your test code to use attributes instead.

   WARN  Metadata found in doc-comment for method Tests\Feature\dbTest::une_epreuve_est_modifie_dans_la_bdd(). Metadata in doc-comments is deprecated and will no longer be supported in PHPUnit 12. Update your test code to use attributes instead.

   PASS  Tests\Unit\ExampleTest
  âœ“ that true is true                                                    0.26s  

   PASS  Tests\Feature\ConcoursTest
  âœ“ concours sont affiches                                              13.40s  
  âœ“ epreuves du concours sont affiches                                   0.52s  
  âœ“ couples dune epreuve sont affiches                                   0.24s  

   PASS  Tests\Feature\ExampleTest
  âœ“ the application returns a successful response                        0.23s  

   PASS  Tests\Feature\dbTest
  âœ“ un concours est stocke dans la bdd                                   0.20s  
  âœ“ un concours est efface de la bdd                                     0.21s  
  âœ“ une epreuve est modifie dans la bdd                                  0.21s  

  Tests:    8 passed (14 assertions)
  Duration: 17.88s

ðŸŒ… Installation de Laravel Dusk...
./composer.json has been updated
Running composer update laravel/dusk
Loading composer repositories with package information
Updating dependencies
Nothing to modify in lock file
Writing lock file
Installing dependencies from lock file (including require-dev)
Nothing to install, update or remove
Generating optimized autoload files
> Illuminate\Foundation\ComposerScripts::postAutoloadDump
> @php artisan package:discover --ansi

  [37;44m INFO [39;49m Discovering packages.  

  laravel/dusk [90m.[39m[90m.[39m[90m.[39m[90m.[39m[90m.[39m[90m.[39m[90m.[39m[90m.[39m[90m.[39m[90m.[39m[90m.[39m[90m.[39m[90m.[39m[90m.[39m[90m.[39m[90m.[39m[90m.[39m[90m.[39m[90m.[39m[90m.[39m[90m.[39m[90m.[39m[90m.[39m[90m.[39m[90m.[39m[90m.[39m[90m.[39m[90m.[39m[90m.[39m[90m.[39m[90m.[39m[90m.[39m[90m.[39m[90m.[39m[90m.[39m[90m.[39m[90m.[39m[90m.[39m[90m.[39m[90m.[39m[90m.[39m[90m.[39m[90m.[39m[90m.[39m[90m.[39m[90m.[39m[90m.[39m[90m.[39m[90m.[39m[90m.[39m[90m.[39m[90m.[39m[90m.[39m[90m.[39m[90m.[39m[90m.[39m[90m.[39m[90m.[39m [32;1mDONE[39;22m
  laravel/pail [90m.[39m[90m.[39m[90m.[39m[90m.[39m[90m.[39m[90m.[39m[90m.[39m[90m.[39m[90m.[39m[90m.[39m[90m.[39m[90m.[39m[90m.[39m[90m.[39m[90m.[39m[90m.[39m[90m.[39m[90m.[39m[90m.[39m[90m.[39m[90m.[39m[90m.[39m[90m.[39m[90m.[39m[90m.[39m[90m.[39m[90m.[39m[90m.[39m[90m.[39m[90m.[39m[90m.[39m[90m.[39m[90m.[39m[90m.[39m[90m.[39m[90m.[39m[90m.[39m[90m.[39m[90m.[39m[90m.[39m[90m.[39m[90m.[39m[90m.[39m[90m.[39m[90m.[39m[90m.[39m[90m.[39m[90m.[39m[90m.[39m[90m.[39m[90m.[39m[90m.[39m[90m.[39m[90m.[39m[90m.[39m[90m.[39m[90m.[39m[90m.[39m [32;1mDONE[39;22m
  laravel/sail [90m.[39m[90m.[39m[90m.[39m[90m.[39m[90m.[39m[90m.[39m[90m.[39m[90m.[39m[90m.[39m[90m.[39m[90m.[39m[90m.[39m[90m.[39m[90m.[39m[90m.[39m[90m.[39m[90m.[39m[90m.[39m[90m.[39m[90m.[39m[90m.[39m[90m.[39m[90m.[39m[90m.[39m[90m.[39m[90m.[39m[90m.[39m[90m.[39m[90m.[39m[90m.[39m[90m.[39m[90m.[39m[90m.[39m[90m.[39m[90m.[39m[90m.[39m[90m.[39m[90m.[39m[90m.[39m[90m.[39m[90m.[39m[90m.[39m[90m.[39m[90m.[39m[90m.[39m[90m.[39m[90m.[39m[90m.[39m[90m.[39m[90m.[39m[90m.[39m[90m.[39m[90m.[39m[90m.[39m[90m.[39m[90m.[39m[90m.[39m[90m.[39m [32;1mDONE[39;22m
  laravel/tinker [90m.[39m[90m.[39m[90m.[39m[90m.[39m[90m.[39m[90m.[39m[90m.[39m[90m.[39m[90m.[39m[90m.[39m[90m.[39m[90m.[39m[90m.[39m[90m.[39m[90m.[39m[90m.[39m[90m.[39m[90m.[39m[90m.[39m[90m.[39m[90m.[39m[90m.[39m[90m.[39m[90m.[39m[90m.[39m[90m.[39m[90m.[39m[90m.[39m[90m.[39m[90m.[39m[90m.[39m[90m.[39m[90m.[39m[90m.[39m[90m.[39m[90m.[39m[90m.[39m[90m.[39m[90m.[39m[90m.[39m[90m.[39m[90m.[39m[90m.[39m[90m.[39m[90m.[39m[90m.[39m[90m.[39m[90m.[39m[90m.[39m[90m.[39m[90m.[39m[90m.[39m[90m.[39m[90m.[39m[90m.[39m[90m.[39m [32;1mDONE[39;22m
  nesbot/carbon [90m.[39m[90m.[39m[90m.[39m[90m.[39m[90m.[39m[90m.[39m[90m.[39m[90m.[39m[90m.[39m[90m.[39m[90m.[39m[90m.[39m[90m.[39m[90m.[39m[90m.[39m[90m.[39m[90m.[39m[90m.[39m[90m.[39m[90m.[39m[90m.[39m[90m.[39m[90m.[39m[90m.[39m[90m.[39m[90m.[39m[90m.[39m[90m.[39m[90m.[39m[90m.[39m[90m.[39m[90m.[39m[90m.[39m[90m.[39m[90m.[39m[90m.[39m[90m.[39m[90m.[39m[90m.[39m[90m.[39m[90m.[39m[90m.[39m[90m.[39m[90m.[39m[90m.[39m[90m.[39m[90m.[39m[90m.[39m[90m.[39m[90m.[39m[90m.[39m[90m.[39m[90m.[39m[90m.[39m[90m.[39m[90m.[39m[90m.[39m [32;1mDONE[39;22m
  nunomaduro/collision [90m.[39m[90m.[39m[90m.[39m[90m.[39m[90m.[39m[90m.[39m[90m.[39m[90m.[39m[90m.[39m[90m.[39m[90m.[39m[90m.[39m[90m.[39m[90m.[39m[90m.[39m[90m.[39m[90m.[39m[90m.[39m[90m.[39m[90m.[39m[90m.[39m[90m.[39m[90m.[39m[90m.[39m[90m.[39m[90m.[39m[90m.[39m[90m.[39m[90m.[39m[90m.[39m[90m.[39m[90m.[39m[90m.[39m[90m.[39m[90m.[39m[90m.[39m[90m.[39m[90m.[39m[90m.[39m[90m.[39m[90m.[39m[90m.[39m[90m.[39m[90m.[39m[90m.[39m[90m.[39m[90m.[39m[90m.[39m[90m.[39m[90m.[39m [32;1mDONE[39;22m
  nunomaduro/termwind [90m.[39m[90m.[39m[90m.[39m[90m.[39m[90m.[39m[90m.[39m[90m.[39m[90m.[39m[90m.[39m[90m.[39m[90m.[39m[90m.[39m[90m.[39m[90m.[39m[90m.[39m[90m.[39m[90m.[39m[90m.[39m[90m.[39m[90m.[39m[90m.[39m[90m.[39m[90m.[39m[90m.[39m[90m.[39m[90m.[39m[90m.[39m[90m.[39m[90m.[39m[90m.[39m[90m.[39m[90m.[39m[90m.[39m[90m.[39m[90m.[39m[90m.[39m[90m.[39m[90m.[39m[90m.[39m[90m.[39m[90m.[39m[90m.[39m[90m.[39m[90m.[39m[90m.[39m[90m.[39m[90m.[39m[90m.[39m[90m.[39m[90m.[39m[90m.[39m [32;1mDONE[39;22m

80 packages you are using are looking for funding.
Use the `composer fund` command to find out more!
> @php artisan vendor:publish --tag=laravel-assets --ansi --force

  [37;44m INFO [39;49m No publishable resources for tag [1m[laravel-assets][22m.  

No security vulnerability advisories found.
Using version ^8.3 for laravel/dusk

   INFO  Dusk scaffolding installed successfully.  

  Downloading ChromeDriver binaries.. 

   INFO  ChromeDriver binary successfully installed for version 134.0.6998.165.  

................................ 4s DONE
ðŸ” VÃ©rification de l'installation Dusk...
â³ Attente que Selenium soit prÃªt (15s)...
ðŸŒ ExÃ©cution des tests Dusk...
Warning: TTY mode requires /dev/tty to be read/writable.
PHPUnit Started (PHPUnit 11.5.15 using PHP 8.2.28 (cli) on Linux)
Test Runner Configured
Event Facade Sealed
Test Suite Loaded (1 test)
Test Runner Started
Test Suite Sorted
Test Runner Execution Started (1 test)
Test Suite Started (/var/www/html/phpunit.dusk.xml, 1 test)
Test Suite Started (Browser Test Suite, 1 test)
Test Suite Started (Tests\Browser\AuthTest, 1 test)
Before First Test Method Called (Tests\Browser\AuthTest::prepare)
Before First Test Method Finished:
- Tests\Browser\AuthTest::prepare
Test Preparation Started (Tests\Browser\AuthTest::testUtilisateur_peut_se_connecter_et_se_deconnecter)
Before Test Method Called (Tests\Browser\AuthTest::setUp)
Before Test Method Finished:
- Tests\Browser\AuthTest::setUp
Test Prepared (Tests\Browser\AuthTest::testUtilisateur_peut_se_connecter_et_se_deconnecter)
After Test Method Called (Tests\Browser\AuthTest::tearDown)
After Test Method Finished:
- Tests\Browser\AuthTest::tearDown
Test Passed (Tests\Browser\AuthTest::testUtilisateur_peut_se_connecter_et_se_deconnecter)
Test Finished (Tests\Browser\AuthTest::testUtilisateur_peut_se_connecter_et_se_deconnecter)
After Last Test Method Called (Tests\Browser\AuthTest::tearDownAfterClass)
After Last Test Method Called (Tests\Browser\AuthTest::tearDownDuskClass)
After Last Test Method Finished:
- Tests\Browser\AuthTest::tearDownAfterClass
- Tests\Browser\AuthTest::tearDownDuskClass
Test Suite Finished (Tests\Browser\AuthTest, 1 test)
Test Suite Finished (Browser Test Suite, 1 test)
Test Suite Finished (/var/www/html/phpunit.dusk.xml, 1 test)
Test Runner Execution Finished

   PASS  Tests\Browser\AuthTest
  âœ“ utilisateur peut se connecter et se deconnecter                     56.22s  

  Tests:    1 passed (3 assertions)
  Duration: 59.39s

Test Runner Finished
PHPUnit Finished (Shell Exit Code: 0)
âœ… Toutes les commandes ont Ã©tÃ© exÃ©cutÃ©es avec succÃ¨s !
ðŸ–¥ï¸  Application disponible sur http://localhost:8008
